<?xml version="1.0" encoding="UTF-8"?>
<!-- Generated by org.testng.reporters.JUnitReportReporter -->
<testsuite skipped="0" hostname="DESKTOP-UBKHGN3" name="runners.TestRunner" tests="12" failures="0" timestamp="2022-05-12T19:20:44 EET" time="100.566" errors="0">
  <testcase name="runScenario" time="8.584" classname="runners.TestRunner"/>
  <system-out/>
  <testcase name="runScenario" time="7.216" classname="runners.TestRunner"/>
  <system-out/>
  <testcase name="runScenario" time="6.498" classname="runners.TestRunner"/>
  <system-out/>
  <testcase name="runScenario" time="4.308" classname="runners.TestRunner"/>
  <system-out/>
  <testcase name="runScenario" time="7.665" classname="runners.TestRunner"/>
  <system-out/>
  <testcase name="runScenario" time="6.410" classname="runners.TestRunner"/>
  <system-out/>
  <testcase name="runScenario" time="9.982" classname="runners.TestRunner"/>
  <system-out/>
  <testcase name="runScenario" time="8.049" classname="runners.TestRunner"/>
  <system-out/>
  <testcase name="runScenario" time="16.904" classname="runners.TestRunner"/>
  <system-out/>
  <testcase name="runScenario" time="8.462" classname="runners.TestRunner"/>
  <system-out/>
  <testcase name="runScenario" time="5.728" classname="runners.TestRunner"/>
  <system-out/>
  <testcase name="runScenario" time="10.760" classname="runners.TestRunner"/>
  <system-out/>
</testsuite> <!-- runners.TestRunner -->
